一共有五位用户创建了账户：
['j7I_8nSC3oAH1tagxbFfu5il', '0tEsKcHiy_enkQjo2Jpr', 'aIQgD8Jljdsh2wMCvPf0', 'jCiSZWIYaFo91vsMk5xJ2p4uN_', '73dCNJz6lEA8IhurDoSWgjxQck']
用户开始上传文件...
用户73dCNJz6lEA8IhurDoSWgjxQck上传了文件：8P7pdT1
文件hash为：460b7b9b807742e1b67de55fff9903e6
用户aIQgD8Jljdsh2wMCvPf0上传了文件：VS1t3eUhLq2yBia
文件hash为：15518b05a1156cb62811ecd01c918d45
用户aIQgD8Jljdsh2wMCvPf0上传了文件：y70Kr9iwEdkpD
文件hash为：2a870d2e4c81f581f086a8bf9c619be0
用户aIQgD8Jljdsh2wMCvPf0上传了文件：Eylno
文件hash为：a033a84c3f229c2e60c7c4f51d10a16a
用户j7I_8nSC3oAH1tagxbFfu5il上传了文件：cVxKLCJnNIAdl
文件hash为：f865f1089024d74153e7532e3299c9e0
用户j7I_8nSC3oAH1tagxbFfu5il上传了文件：_ROkfnP6toYA7
文件hash为：988b5ecbadeb9b57cc04da887f17af72
用户j7I_8nSC3oAH1tagxbFfu5il上传了文件：ZNyaMB1p7JhrnQo
文件hash为：745f6a8d9f992a7c408822058ad2c7f6
用户j7I_8nSC3oAH1tagxbFfu5il上传了文件：ejNTCbKgEU1AHJS
文件hash为：b551fc918214575b07e53334c5b2d5fa
用户73dCNJz6lEA8IhurDoSWgjxQck上传了文件：1HyO5c68irojZRs2V
文件hash为：ac1e741621e5f15d4e3fe15675d3d2d1
用户j7I_8nSC3oAH1tagxbFfu5il上传了文件：_de47LY2Xt8fGRT
文件hash为：79fc309036b100c00e8111600123f506
用户73dCNJz6lEA8IhurDoSWgjxQck上传了文件：ZQYFqH54jX1
文件hash为：331792e2451ef45e4bd55d78befb3fe4
用户aIQgD8Jljdsh2wMCvPf0上传了文件：pXqP26CLnfZ3hkM
文件hash为：42ac91bd617e04a81800ef4116ab1a6c
用户j7I_8nSC3oAH1tagxbFfu5il上传了文件：2Vws0QD
文件hash为：e60474eefcdc06652f86ff54c006e753
用户aIQgD8Jljdsh2wMCvPf0上传了文件：r0u1FWm
文件hash为：53122e6b244d880122c3b13c50ba2685
用户j7I_8nSC3oAH1tagxbFfu5il上传了文件：RZOBU1nK2IzjkxD
文件hash为：56ce5ceaed472b1f0b24a68b379a6434
用户aIQgD8Jljdsh2wMCvPf0上传了文件：_fkP6nSKp
文件hash为：1865f728c4453b4812ee2c2fb7ccba38
用户73dCNJz6lEA8IhurDoSWgjxQck上传了文件：KHo7qgB
文件hash为：d84fa785f2b3379819d6a9df52aa62d5
用户aIQgD8Jljdsh2wMCvPf0上传了文件：6cwq93dTu
文件hash为：9198add5b3ac692a4ee82cf24a825a84
用户aIQgD8Jljdsh2wMCvPf0上传了文件：wT1uCjlObNWZUsxYQ7P
文件hash为：0fa2114b5fd474cacd88d4b2ad7a7c4c
用户73dCNJz6lEA8IhurDoSWgjxQck上传了文件：KX9Ox
文件hash为：b498825118adf601b9b8b09eb8ea6ae1
用户aIQgD8Jljdsh2wMCvPf0上传了文件：MbtGlsOYLuABJQjX1
文件hash为：2586bbb889ee201e8b296bfda3165cd8
用户73dCNJz6lEA8IhurDoSWgjxQck上传了文件：f3JOHtW5jPYoKyZ8cI1
文件hash为：a6dc122f5adc4f87068009bfd668e2e3
用户j7I_8nSC3oAH1tagxbFfu5il上传了文件：UM_Ao
文件hash为：99ce198af1fb970e1cbe8709e5cd3852
用户j7I_8nSC3oAH1tagxbFfu5il上传了文件：Lh0cNRVDyAObvW4a7kI
文件hash为：d013ae0d22120879640d2bbf418a5201
用户73dCNJz6lEA8IhurDoSWgjxQck上传了文件：1onXfVchsqtDB_F
文件hash为：9571a4d26f83af499898464b9cc34c33
用户j7I_8nSC3oAH1tagxbFfu5il上传了文件：XR8VhZxNGyB6azfYiwQ
文件hash为：68aa30bbe242ca9f8175ecf171508968
用户j7I_8nSC3oAH1tagxbFfu5il上传了文件：9JWlxdpvyDGwBQUrO
文件hash为：ffbbd434e1ff974c319a09d7a3b78f2e
用户aIQgD8Jljdsh2wMCvPf0上传了文件：qLlnQ5V8D423MNtPxyz
文件hash为：0abe3769ad98f3cdd40961d817c5cc4a
用户j7I_8nSC3oAH1tagxbFfu5il上传了文件：Dv0hgAzKx6je42_
文件hash为：cff9407771a38a900a4ffe0eaac1831a
用户aIQgD8Jljdsh2wMCvPf0上传了文件：2nIvq
文件hash为：0357885209cd33d4eceae3b75b5a1e70
用户aIQgD8Jljdsh2wMCvPf0上传了文件：LADMowZp1
文件hash为：54f3f9d1b578f511f4d33098b7ee4a74
用户aIQgD8Jljdsh2wMCvPf0上传了文件：MqENsefZv
文件hash为：e90f3dcf61c6a0209054eee769482bff
用户73dCNJz6lEA8IhurDoSWgjxQck上传了文件：13I5HGD
文件hash为：21af8bf43fba9db5c7d398248b9e9e07
用户73dCNJz6lEA8IhurDoSWgjxQck上传了文件：51vFhaR0wbZBA
文件hash为：e3a3166ffbb3afdb7c486f0d1e0ae2f9
用户j7I_8nSC3oAH1tagxbFfu5il上传了文件：grkc5
文件hash为：0bf23ef98cf4a68a29abff84d1018f29
用户aIQgD8Jljdsh2wMCvPf0上传了文件：OY3qn9pteSrCj
文件hash为：e39a2ccac64cdbaed0694504cd74c458
用户aIQgD8Jljdsh2wMCvPf0上传了文件：MNTh57QKCEG1bjt
文件hash为：dcb3b64aa1c6c6ff1f80125d97e77e94
用户j7I_8nSC3oAH1tagxbFfu5il上传了文件：fx47jbGLSaEF5JgDX
文件hash为：2aa9b332458a97db9500c09b41684336
用户aIQgD8Jljdsh2wMCvPf0上传了文件：3YjZ9lhtpwBc4sRIvdu
文件hash为：9442b3dcd8b1bdc977fa6519de11e7cc
用户j7I_8nSC3oAH1tagxbFfu5il上传了文件：SRcJ2vWK0dGy5
文件hash为：98f30adddde8314cabedb506ecd93472
用户73dCNJz6lEA8IhurDoSWgjxQck上传了文件：5cOnIvGPkY8rgX6aC
文件hash为：b668ab429ecfb674b2f6acb8354b36a3
用户aIQgD8Jljdsh2wMCvPf0上传了文件：IfjXcSw
文件hash为：5c5d92b64fa5250587e06c1006e691ca
用户j7I_8nSC3oAH1tagxbFfu5il上传了文件：MR0vxWJqCXK
文件hash为：df195d9fa1056614755429e175868e22
用户73dCNJz6lEA8IhurDoSWgjxQck上传了文件：lBai5xoUPA7
文件hash为：98223a607f160594858012f5bba859d3
用户aIQgD8Jljdsh2wMCvPf0上传了文件：qehaU0Mxl5gj6ti
文件hash为：75a66870161ad4e67236a64ce0da42a7
用户73dCNJz6lEA8IhurDoSWgjxQck上传了文件：_nAbs4W5G
文件hash为：1c09eb71e331fa5a49eabed277539525
用户j7I_8nSC3oAH1tagxbFfu5il上传了文件：t_az1E8qGhIV6xAiuQl
文件hash为：53fcb427c235deb6d35df6fb0eacff33
用户aIQgD8Jljdsh2wMCvPf0上传了文件：RB0bwtl
文件hash为：7ab44e2b418fca43599154044b30b01d
用户aIQgD8Jljdsh2wMCvPf0上传了文件：ONtmTga
文件hash为：42bb638fc0a14a65c5066130deba8641
用户aIQgD8Jljdsh2wMCvPf0上传了文件：0TvPfKSgmJ8N_
文件hash为：85594b7fc5d72b6d5fb5e47b1870f6e0
